<?xml version="1.0" encoding="UTF-8"?>
<testng-results skipped="0" failed="0" ignored="0" total="1" passed="1">
  <reporter-output>
  </reporter-output>
  <suite name="Default suite" duration-ms="7508" started-at="2022-04-26T10:21:22 EEST" finished-at="2022-04-26T10:21:29 EEST">
    <groups>
    </groups>
    <test name="Default test" duration-ms="7508" started-at="2022-04-26T10:21:22 EEST" finished-at="2022-04-26T10:21:29 EEST">
      <class name="newPackage.Positive_123">
        <test-method status="PASS" signature="beforeClass()[pri:0, instance:newPackage.Positive_123@3e57cd70]" name="beforeClass" is-config="true" duration-ms="5045" started-at="2022-04-26T10:21:22 EEST" finished-at="2022-04-26T10:21:27 EEST">
          <reporter-output>
          </reporter-output>
        </test-method> <!-- beforeClass -->
        <test-method status="PASS" signature="FillingTheFormWithCorrectData()[pri:0, instance:newPackage.Positive_123@3e57cd70]" name="FillingTheFormWithCorrectData" duration-ms="2361" started-at="2022-04-26T10:21:27 EEST" finished-at="2022-04-26T10:21:29 EEST">
          <reporter-output>
          </reporter-output>
        </test-method> <!-- FillingTheFormWithCorrectData -->
        <test-method status="PASS" signature="afterClass()[pri:0, instance:newPackage.Positive_123@3e57cd70]" name="afterClass" is-config="true" duration-ms="0" started-at="2022-04-26T10:21:29 EEST" finished-at="2022-04-26T10:21:29 EEST">
          <reporter-output>
          </reporter-output>
        </test-method> <!-- afterClass -->
      </class> <!-- newPackage.Positive_123 -->
    </test> <!-- Default test -->
  </suite> <!-- Default suite -->
</testng-results>
